TN:
SF:src/app.ts
FN:35,(anonymous_1)
FN:36,(anonymous_2)
FN:37,(anonymous_3)
FN:38,(anonymous_4)
FN:39,(anonymous_5)
FN:42,(anonymous_6)
FN:43,(anonymous_7)
FN:44,(anonymous_8)
FN:45,(anonymous_9)
FN:46,(anonymous_10)
FN:47,(anonymous_11)
FNF:11
FNH:9
FNDA:2,(anonymous_1)
FNDA:0,(anonymous_2)
FNDA:2,(anonymous_3)
FNDA:2,(anonymous_4)
FNDA:2,(anonymous_5)
FNDA:2,(anonymous_6)
FNDA:0,(anonymous_7)
FNDA:2,(anonymous_8)
FNDA:2,(anonymous_9)
FNDA:2,(anonymous_10)
FNDA:2,(anonymous_11)
DA:1,2
DA:2,2
DA:3,2
DA:4,2
DA:5,2
DA:6,2
DA:7,2
DA:8,2
DA:9,2
DA:10,2
DA:13,2
DA:16,2
DA:19,2
DA:20,2
DA:21,2
DA:22,2
DA:25,2
DA:28,2
DA:29,2
DA:32,2
DA:35,2
DA:36,2
DA:37,2
DA:38,2
DA:39,2
DA:42,2
DA:43,2
DA:44,2
DA:45,2
DA:46,2
DA:47,2
DA:50,2
DA:52,2
LF:33
LH:33
BRF:0
BRH:0
end_of_record
TN:
SF:src/application/services/BlogServiceImpl.ts
FN:13,(anonymous_4)
FN:18,(anonymous_5)
FN:37,(anonymous_6)
FN:48,(anonymous_7)
FN:51,(anonymous_8)
FN:54,(anonymous_9)
FN:56,(anonymous_10)
FN:59,(anonymous_11)
FN:81,(anonymous_12)
FN:92,(anonymous_13)
FNF:10
FNH:8
FNDA:12,(anonymous_4)
FNDA:4,(anonymous_5)
FNDA:4,(anonymous_6)
FNDA:4,(anonymous_7)
FNDA:4,(anonymous_8)
FNDA:0,(anonymous_9)
FNDA:0,(anonymous_10)
FNDA:4,(anonymous_11)
FNDA:4,(anonymous_12)
FNDA:10,(anonymous_13)
DA:1,3
DA:2,3
DA:3,3
DA:8,3
DA:9,3
DA:12,3
DA:14,12
DA:15,12
DA:19,4
DA:22,4
DA:23,4
DA:25,4
DA:26,2
DA:29,2
DA:30,2
DA:32,2
DA:34,2
DA:38,4
DA:39,4
DA:41,4
DA:42,2
DA:45,2
DA:49,4
DA:51,4
DA:55,0
DA:56,0
DA:60,4
DA:61,4
DA:63,4
DA:64,2
DA:68,2
DA:69,2
DA:72,2
DA:73,2
DA:76,2
DA:78,2
DA:82,4
DA:83,4
DA:85,4
DA:86,2
DA:89,2
DA:93,10
LF:42
LH:40
BRDA:25,0,0,2
BRDA:41,1,0,2
BRDA:63,2,0,2
BRDA:68,3,0,2
BRDA:72,4,0,2
BRDA:85,5,0,2
BRF:6
BRH:6
end_of_record
TN:
SF:src/application/services/CommentServiceImpl.ts
FN:13,(anonymous_4)
FN:17,(anonymous_5)
FN:30,(anonymous_6)
FN:41,(anonymous_7)
FN:45,(anonymous_8)
FN:48,(anonymous_9)
FN:52,(anonymous_10)
FN:55,(anonymous_11)
FN:57,(anonymous_12)
FN:60,(anonymous_13)
FN:75,(anonymous_14)
FN:80,(anonymous_15)
FNF:12
FNH:0
FNDA:0,(anonymous_4)
FNDA:0,(anonymous_5)
FNDA:0,(anonymous_6)
FNDA:0,(anonymous_7)
FNDA:0,(anonymous_8)
FNDA:0,(anonymous_9)
FNDA:0,(anonymous_10)
FNDA:0,(anonymous_11)
FNDA:0,(anonymous_12)
FNDA:0,(anonymous_13)
FNDA:0,(anonymous_14)
FNDA:0,(anonymous_15)
DA:1,2
DA:2,2
DA:3,2
DA:4,2
DA:8,2
DA:9,2
DA:12,2
DA:14,0
DA:18,0
DA:20,0
DA:21,0
DA:22,0
DA:23,0
DA:25,0
DA:27,0
DA:31,0
DA:32,0
DA:34,0
DA:35,0
DA:38,0
DA:42,0
DA:43,0
DA:45,0
DA:49,0
DA:50,0
DA:52,0
DA:56,0
DA:57,0
DA:61,0
DA:62,0
DA:64,0
DA:65,0
DA:68,0
DA:70,0
DA:72,0
DA:76,0
DA:77,0
DA:81,0
LF:38
LH:7
BRDA:34,0,0,0
BRDA:64,1,0,0
BRF:2
BRH:0
end_of_record
TN:
SF:src/application/services/LikeServiceImpl.ts
FN:14,(anonymous_4)
FN:19,(anonymous_5)
FN:47,(anonymous_6)
FN:58,(anonymous_7)
FN:62,(anonymous_8)
FN:65,(anonymous_9)
FN:69,(anonymous_10)
FN:72,(anonymous_11)
FN:84,(anonymous_12)
FN:86,(anonymous_13)
FN:89,(anonymous_14)
FN:105,(anonymous_15)
FN:122,(anonymous_16)
FNF:13
FNH:0
FNDA:0,(anonymous_4)
FNDA:0,(anonymous_5)
FNDA:0,(anonymous_6)
FNDA:0,(anonymous_7)
FNDA:0,(anonymous_8)
FNDA:0,(anonymous_9)
FNDA:0,(anonymous_10)
FNDA:0,(anonymous_11)
FNDA:0,(anonymous_12)
FNDA:0,(anonymous_13)
FNDA:0,(anonymous_14)
FNDA:0,(anonymous_15)
FNDA:0,(anonymous_16)
DA:1,2
DA:2,2
DA:3,2
DA:4,2
DA:9,2
DA:10,2
DA:13,2
DA:15,0
DA:16,0
DA:20,0
DA:23,0
DA:24,0
DA:25,0
DA:27,0
DA:28,0
DA:32,0
DA:33,0
DA:35,0
DA:38,0
DA:39,0
DA:40,0
DA:41,0
DA:44,0
DA:48,0
DA:49,0
DA:51,0
DA:52,0
DA:55,0
DA:59,0
DA:60,0
DA:62,0
DA:66,0
DA:67,0
DA:69,0
DA:73,0
DA:74,0
DA:75,0
DA:77,0
DA:78,0
DA:81,0
DA:85,0
DA:86,0
DA:90,0
DA:91,0
DA:93,0
DA:95,0
DA:96,0
DA:97,0
DA:98,0
DA:102,0
DA:106,0
DA:107,0
DA:109,0
DA:111,0
DA:113,0
DA:114,0
DA:117,0
DA:118,0
DA:123,0
LF:59
LH:7
BRDA:27,0,0,0
BRDA:39,1,0,0
BRDA:51,2,0,0
BRDA:77,3,0,0
BRDA:93,4,0,0
BRDA:96,5,0,0
BRDA:111,6,0,0
BRDA:111,6,1,0
BRF:8
BRH:0
end_of_record
TN:
SF:src/application/services/UserServiceImpl.ts
FN:11,(anonymous_4)
FN:15,(anonymous_5)
FN:38,(anonymous_6)
FN:49,(anonymous_7)
FN:59,(anonymous_8)
FN:69,(anonymous_9)
FN:71,(anonymous_10)
FN:74,(anonymous_11)
FN:100,(anonymous_12)
FN:105,(anonymous_13)
FNF:10
FNH:6
FNDA:10,(anonymous_4)
FNDA:5,(anonymous_5)
FNDA:6,(anonymous_6)
FNDA:0,(anonymous_7)
FNDA:0,(anonymous_8)
FNDA:0,(anonymous_9)
FNDA:0,(anonymous_10)
FNDA:4,(anonymous_11)
FNDA:2,(anonymous_12)
FNDA:7,(anonymous_13)
DA:1,3
DA:2,3
DA:6,3
DA:7,3
DA:10,3
DA:12,10
DA:16,5
DA:19,5
DA:20,5
DA:21,2
DA:24,3
DA:25,3
DA:26,1
DA:30,2
DA:31,2
DA:33,2
DA:35,2
DA:39,6
DA:40,6
DA:42,6
DA:43,3
DA:46,3
DA:50,0
DA:52,0
DA:53,0
DA:56,0
DA:60,0
DA:62,0
DA:63,0
DA:66,0
DA:70,0
DA:71,0
DA:75,4
DA:76,4
DA:78,4
DA:79,2
DA:83,2
DA:84,2
DA:87,2
DA:88,2
DA:91,2
DA:92,0
DA:95,2
DA:97,2
DA:101,2
DA:102,2
DA:106,7
LF:47
LH:36
BRDA:20,0,0,2
BRDA:25,1,0,1
BRDA:42,2,0,3
BRDA:52,3,0,0
BRDA:62,4,0,0
BRDA:78,5,0,2
BRDA:83,6,0,2
BRDA:87,7,0,2
BRDA:91,8,0,0
BRF:9
BRH:6
end_of_record
TN:
SF:src/domain/entities/Blog.ts
FN:6,(anonymous_0)
FN:10,(anonymous_1)
FN:14,(anonymous_2)
FN:28,(anonymous_3)
FN:46,(anonymous_4)
FN:50,(anonymous_5)
FN:54,(anonymous_6)
FN:58,(anonymous_7)
FN:62,(anonymous_8)
FN:66,(anonymous_9)
FN:70,(anonymous_10)
FN:74,(anonymous_11)
FN:79,(anonymous_12)
FN:84,(anonymous_13)
FN:88,(anonymous_14)
FNF:15
FNH:12
FNDA:28,(anonymous_0)
FNDA:37,(anonymous_1)
FNDA:0,(anonymous_2)
FNDA:13,(anonymous_3)
FNDA:20,(anonymous_4)
FNDA:14,(anonymous_5)
FNDA:14,(anonymous_6)
FNDA:16,(anonymous_7)
FNDA:10,(anonymous_8)
FNDA:10,(anonymous_9)
FNDA:12,(anonymous_10)
FNDA:2,(anonymous_11)
FNDA:2,(anonymous_12)
FNDA:0,(anonymous_13)
FNDA:0,(anonymous_14)
DA:3,3
DA:7,28
DA:11,37
DA:15,0
DA:19,3
DA:37,13
DA:38,13
DA:39,13
DA:40,13
DA:41,13
DA:42,13
DA:43,13
DA:47,20
DA:51,14
DA:55,14
DA:59,16
DA:63,10
DA:67,10
DA:71,12
DA:75,2
DA:76,2
DA:80,2
DA:81,2
DA:85,0
DA:89,0
DA:90,0
LF:26
LH:22
BRDA:33,0,0,8
BRDA:34,1,0,8
BRDA:35,2,0,8
BRDA:89,3,0,0
BRF:4
BRH:3
end_of_record
TN:
SF:src/domain/entities/Comment.ts
FN:7,(anonymous_0)
FN:11,(anonymous_1)
FN:15,(anonymous_2)
FN:28,(anonymous_3)
FN:44,(anonymous_4)
FN:48,(anonymous_5)
FN:52,(anonymous_6)
FN:56,(anonymous_7)
FN:60,(anonymous_8)
FN:64,(anonymous_9)
FN:68,(anonymous_10)
FNF:11
FNH:0
FNDA:0,(anonymous_0)
FNDA:0,(anonymous_1)
FNDA:0,(anonymous_2)
FNDA:0,(anonymous_3)
FNDA:0,(anonymous_4)
FNDA:0,(anonymous_5)
FNDA:0,(anonymous_6)
FNDA:0,(anonymous_7)
FNDA:0,(anonymous_8)
FNDA:0,(anonymous_9)
FNDA:0,(anonymous_10)
DA:4,2
DA:8,0
DA:12,0
DA:16,0
DA:20,2
DA:36,0
DA:37,0
DA:38,0
DA:39,0
DA:40,0
DA:41,0
DA:45,0
DA:49,0
DA:53,0
DA:57,0
DA:61,0
DA:65,0
DA:69,0
DA:70,0
LF:19
LH:2
BRDA:33,0,0,0
BRDA:34,1,0,0
BRF:2
BRH:0
end_of_record
TN:
SF:src/domain/entities/Like.ts
FN:7,(anonymous_0)
FN:11,(anonymous_1)
FN:15,(anonymous_2)
FN:26,(anonymous_3)
FN:38,(anonymous_4)
FN:42,(anonymous_5)
FN:46,(anonymous_6)
FN:50,(anonymous_7)
FNF:8
FNH:0
FNDA:0,(anonymous_0)
FNDA:0,(anonymous_1)
FNDA:0,(anonymous_2)
FNDA:0,(anonymous_3)
FNDA:0,(anonymous_4)
FNDA:0,(anonymous_5)
FNDA:0,(anonymous_6)
FNDA:0,(anonymous_7)
DA:4,2
DA:8,0
DA:12,0
DA:16,0
DA:20,2
DA:32,0
DA:33,0
DA:34,0
DA:35,0
DA:39,0
DA:43,0
DA:47,0
DA:51,0
LF:13
LH:2
BRDA:30,0,0,0
BRF:1
BRH:0
end_of_record
TN:
SF:src/domain/entities/User.ts
FN:4,(anonymous_0)
FN:8,(anonymous_1)
FN:12,(anonymous_2)
FN:23,(anonymous_3)
FN:30,(anonymous_4)
FN:34,(anonymous_5)
FN:38,(anonymous_6)
FN:42,(anonymous_7)
FN:46,(anonymous_8)
FN:50,(anonymous_9)
FN:54,(anonymous_10)
FNF:11
FNH:9
FNDA:53,(anonymous_0)
FNDA:62,(anonymous_1)
FNDA:0,(anonymous_2)
FNDA:21,(anonymous_3)
FNDA:25,(anonymous_4)
FNDA:21,(anonymous_5)
FNDA:25,(anonymous_6)
FNDA:8,(anonymous_7)
FNDA:3,(anonymous_8)
FNDA:3,(anonymous_9)
FNDA:0,(anonymous_10)
DA:1,5
DA:5,53
DA:9,62
DA:13,0
DA:17,5
DA:24,21
DA:25,21
DA:26,21
DA:27,21
DA:31,25
DA:35,21
DA:39,25
DA:43,8
DA:47,3
DA:51,3
DA:55,0
LF:16
LH:14
BRF:0
BRH:0
end_of_record
TN:
SF:src/infrastructure/controllers/BlogController.ts
FN:9,(anonymous_4)
FN:33,(anonymous_5)
FN:66,(anonymous_6)
FN:92,(anonymous_7)
FN:124,(anonymous_8)
FN:163,(anonymous_9)
FN:193,(anonymous_10)
FNF:7
FNH:6
FNDA:2,(anonymous_4)
FNDA:2,(anonymous_5)
FNDA:2,(anonymous_6)
FNDA:0,(anonymous_7)
FNDA:2,(anonymous_8)
FNDA:2,(anonymous_9)
FNDA:2,(anonymous_10)
DA:2,2
DA:5,2
DA:8,2
DA:10,2
DA:34,2
DA:35,2
DA:36,2
DA:37,1
DA:39,1
DA:67,2
DA:68,2
DA:69,2
DA:70,1
DA:72,1
DA:93,0
DA:94,0
DA:95,0
DA:97,0
DA:125,2
DA:126,2
DA:127,2
DA:128,2
DA:130,0
DA:164,2
DA:165,2
DA:166,2
DA:167,2
DA:168,1
DA:170,1
DA:194,2
DA:195,2
DA:196,2
DA:197,1
DA:199,1
LF:34
LH:29
BRF:0
BRH:0
end_of_record
TN:
SF:src/infrastructure/controllers/UserController.ts
FN:9,(anonymous_4)
FN:33,(anonymous_5)
FN:66,(anonymous_6)
FN:92,(anonymous_7)
FN:130,(anonymous_8)
FN:160,(anonymous_9)
FNF:6
FNH:6
FNDA:11,(anonymous_4)
FNDA:4,(anonymous_5)
FNDA:4,(anonymous_6)
FNDA:1,(anonymous_7)
FNDA:4,(anonymous_8)
FNDA:4,(anonymous_9)
DA:2,3
DA:5,3
DA:8,3
DA:10,11
DA:34,4
DA:35,4
DA:36,4
DA:37,2
DA:39,2
DA:67,4
DA:68,4
DA:69,4
DA:70,2
DA:72,2
DA:93,1
DA:94,1
DA:95,1
DA:97,0
DA:131,4
DA:132,4
DA:133,4
DA:134,4
DA:135,2
DA:137,2
DA:161,4
DA:162,4
DA:165,4
DA:166,4
DA:168,2
DA:169,2
DA:172,2
DA:173,2
DA:175,0
LF:33
LH:31
BRF:0
BRH:0
end_of_record
TN:
SF:src/infrastructure/models/BlogModel.ts
FNF:0
FNH:0
DA:1,2
DA:2,2
DA:3,2
DA:15,2
DA:51,2
DA:56,2
LF:6
LH:6
BRF:0
BRH:0
end_of_record
TN:
SF:src/infrastructure/models/CommentModel.ts
FNF:0
FNH:0
DA:1,2
DA:2,2
DA:3,2
DA:4,2
DA:15,2
DA:51,2
DA:56,2
DA:61,2
LF:8
LH:8
BRF:0
BRH:0
end_of_record
TN:
SF:src/infrastructure/models/LikeModel.ts
FNF:0
FNH:0
DA:1,2
DA:2,2
DA:3,2
DA:4,2
DA:14,2
DA:52,2
DA:57,2
DA:62,2
LF:8
LH:8
BRF:0
BRH:0
end_of_record
TN:
SF:src/infrastructure/models/UserModel.ts
FNF:0
FNH:0
DA:1,3
DA:2,3
DA:13,3
DA:45,3
LF:4
LH:4
BRF:0
BRH:0
end_of_record
TN:
SF:src/infrastructure/repositories/SequelizeBlogRepository.ts
FN:10,(anonymous_2)
FN:20,(anonymous_3)
FN:25,(anonymous_4)
FN:28,(anonymous_5)
FN:31,(anonymous_6)
FN:34,(anonymous_7)
FN:44,(anonymous_8)
FN:48,(anonymous_9)
FNF:8
FNH:6
FNDA:6,(anonymous_2)
FNDA:2,(anonymous_3)
FNDA:2,(anonymous_4)
FNDA:0,(anonymous_5)
FNDA:0,(anonymous_6)
FNDA:2,(anonymous_7)
FNDA:1,(anonymous_8)
FNDA:5,(anonymous_9)
DA:1,2
DA:2,2
DA:3,2
DA:5,2
DA:6,2
DA:9,2
DA:11,6
DA:13,6
DA:14,3
DA:17,3
DA:21,2
DA:25,2
DA:29,0
DA:31,0
DA:35,2
DA:45,1
DA:49,5
LF:17
LH:15
BRDA:13,0,0,3
BRF:1
BRH:1
end_of_record
TN:
SF:src/infrastructure/repositories/SequelizeCommentRepository.ts
FN:11,(anonymous_2)
FN:21,(anonymous_3)
FN:26,(anonymous_4)
FN:29,(anonymous_5)
FN:34,(anonymous_6)
FN:37,(anonymous_7)
FN:46,(anonymous_8)
FN:50,(anonymous_9)
FNF:8
FNH:0
FNDA:0,(anonymous_2)
FNDA:0,(anonymous_3)
FNDA:0,(anonymous_4)
FNDA:0,(anonymous_5)
FNDA:0,(anonymous_6)
FNDA:0,(anonymous_7)
FNDA:0,(anonymous_8)
FNDA:0,(anonymous_9)
DA:1,2
DA:2,2
DA:3,2
DA:4,2
DA:6,2
DA:7,2
DA:10,2
DA:12,0
DA:14,0
DA:15,0
DA:18,0
DA:22,0
DA:26,0
DA:30,0
DA:34,0
DA:38,0
DA:47,0
DA:51,0
LF:18
LH:7
BRDA:14,0,0,0
BRF:1
BRH:0
end_of_record
TN:
SF:src/infrastructure/repositories/SequelizeLikeRepository.ts
FN:11,(anonymous_2)
FN:21,(anonymous_3)
FN:26,(anonymous_4)
FN:29,(anonymous_5)
FN:34,(anonymous_6)
FN:37,(anonymous_7)
FN:52,(anonymous_8)
FN:60,(anonymous_9)
FN:64,(anonymous_10)
FNF:9
FNH:0
FNDA:0,(anonymous_2)
FNDA:0,(anonymous_3)
FNDA:0,(anonymous_4)
FNDA:0,(anonymous_5)
FNDA:0,(anonymous_6)
FNDA:0,(anonymous_7)
FNDA:0,(anonymous_8)
FNDA:0,(anonymous_9)
FNDA:0,(anonymous_10)
DA:1,2
DA:2,2
DA:3,2
DA:4,2
DA:6,2
DA:7,2
DA:10,2
DA:12,0
DA:14,0
DA:15,0
DA:18,0
DA:22,0
DA:26,0
DA:30,0
DA:34,0
DA:38,0
DA:45,0
DA:46,0
DA:49,0
DA:53,0
DA:61,0
DA:65,0
LF:22
LH:7
BRDA:14,0,0,0
BRDA:45,1,0,0
BRF:2
BRH:0
end_of_record
TN:
SF:src/infrastructure/repositories/SequelizeUserRepository.ts
FN:9,(anonymous_2)
FN:19,(anonymous_3)
FN:29,(anonymous_4)
FN:39,(anonymous_5)
FN:42,(anonymous_6)
FN:45,(anonymous_7)
FN:54,(anonymous_8)
FN:58,(anonymous_9)
FNF:8
FNH:6
FNDA:10,(anonymous_2)
FNDA:4,(anonymous_3)
FNDA:1,(anonymous_4)
FNDA:0,(anonymous_5)
FNDA:0,(anonymous_6)
FNDA:8,(anonymous_7)
FNDA:2,(anonymous_8)
FNDA:7,(anonymous_9)
DA:1,3
DA:2,3
DA:4,3
DA:5,3
DA:8,3
DA:10,10
DA:12,10
DA:13,5
DA:16,5
DA:20,4
DA:22,4
DA:23,2
DA:26,2
DA:30,1
DA:32,1
DA:33,1
DA:36,0
DA:40,0
DA:42,0
DA:46,8
DA:55,2
DA:59,7
LF:22
LH:19
BRDA:12,0,0,5
BRDA:22,1,0,2
BRDA:32,2,0,1
BRF:3
BRH:3
end_of_record
