TN:
SF:src/app.ts
FN:35,(anonymous_1)
FN:36,(anonymous_2)
FN:37,(anonymous_3)
FN:38,(anonymous_4)
FN:39,(anonymous_5)
FN:42,(anonymous_6)
FN:43,(anonymous_7)
FN:44,(anonymous_8)
FN:45,(anonymous_9)
FN:46,(anonymous_10)
FN:47,(anonymous_11)
FNF:11
FNH:9
FNDA:2,(anonymous_1)
FNDA:0,(anonymous_2)
FNDA:2,(anonymous_3)
FNDA:2,(anonymous_4)
FNDA:2,(anonymous_5)
FNDA:2,(anonymous_6)
FNDA:0,(anonymous_7)
FNDA:2,(anonymous_8)
FNDA:2,(anonymous_9)
FNDA:2,(anonymous_10)
FNDA:2,(anonymous_11)
DA:1,2
DA:2,2
DA:3,2
DA:4,2
DA:5,2
DA:6,2
DA:7,2
DA:8,2
DA:9,2
DA:10,2
DA:13,2
DA:16,2
DA:19,2
DA:20,2
DA:21,2
DA:22,2
DA:25,2
DA:28,2
DA:29,2
DA:32,2
DA:35,2
DA:36,2
DA:37,2
DA:38,2
DA:39,2
DA:42,2
DA:43,2
DA:44,2
DA:45,2
DA:46,2
DA:47,2
DA:50,2
DA:52,2
LF:33
LH:33
BRF:0
BRH:0
end_of_record
TN:
SF:src/application/mappers/BlogMapper.ts
FN:5,(anonymous_0)
FNF:1
FNH:1
FNDA:13,(anonymous_0)
DA:4,5
DA:6,13
LF:2
LH:2
BRF:0
BRH:0
end_of_record
TN:
SF:src/application/mappers/UserMapper.ts
FN:5,(anonymous_0)
FNF:1
FNH:1
FNDA:10,(anonymous_0)
DA:4,6
DA:6,10
LF:2
LH:2
BRF:0
BRH:0
end_of_record
TN:
SF:src/application/use-cases/blog/CreateBlogUseCase.ts
FN:13,(anonymous_4)
FN:18,(anonymous_5)
FNF:2
FNH:2
FNDA:4,(anonymous_4)
FNDA:4,(anonymous_5)
DA:1,3
DA:2,3
DA:3,3
DA:7,3
DA:8,3
DA:9,3
DA:12,3
DA:14,4
DA:15,4
DA:19,4
DA:22,4
DA:23,4
DA:25,4
DA:26,2
DA:30,2
DA:31,2
DA:33,2
DA:35,2
LF:18
LH:18
BRDA:25,0,0,2
BRF:1
BRH:1
end_of_record
TN:
SF:src/application/use-cases/blog/DeleteBlogUseCase.ts
FN:8,(anonymous_4)
FN:12,(anonymous_5)
FNF:2
FNH:2
FNDA:3,(anonymous_4)
FNDA:3,(anonymous_5)
DA:1,3
DA:2,3
DA:4,3
DA:7,3
DA:9,3
DA:13,3
DA:14,3
DA:16,3
DA:17,1
DA:20,2
LF:10
LH:10
BRDA:16,0,0,1
BRF:1
BRH:1
end_of_record
TN:
SF:src/application/use-cases/blog/GetBlogUseCase.ts
FN:11,(anonymous_4)
FN:15,(anonymous_5)
FN:26,(anonymous_6)
FN:28,(anonymous_7)
FN:31,(anonymous_8)
FN:33,(anonymous_9)
FNF:6
FNH:6
FNDA:7,(anonymous_4)
FNDA:4,(anonymous_5)
FNDA:4,(anonymous_6)
FNDA:4,(anonymous_7)
FNDA:1,(anonymous_8)
FNDA:2,(anonymous_9)
DA:1,3
DA:2,3
DA:6,3
DA:7,3
DA:10,3
DA:12,7
DA:16,4
DA:17,4
DA:19,4
DA:20,2
DA:23,2
DA:27,4
DA:28,4
DA:32,1
DA:33,2
LF:15
LH:15
BRDA:19,0,0,2
BRF:1
BRH:1
end_of_record
TN:
SF:src/application/use-cases/blog/UpdateBlogUseCase.ts
FN:10,(anonymous_4)
FN:14,(anonymous_5)
FNF:2
FNH:2
FNDA:5,(anonymous_4)
FNDA:5,(anonymous_5)
DA:1,3
DA:2,3
DA:5,3
DA:6,3
DA:9,3
DA:11,5
DA:15,5
DA:16,5
DA:18,5
DA:19,2
DA:23,3
DA:24,3
DA:27,3
DA:28,2
DA:31,3
DA:33,3
LF:16
LH:16
BRDA:18,0,0,2
BRDA:23,1,0,3
BRDA:27,2,0,2
BRF:3
BRH:3
end_of_record
TN:
SF:src/application/use-cases/user/CreateUserUseCase.ts
FN:11,(anonymous_4)
FN:15,(anonymous_5)
FNF:2
FNH:2
FNDA:5,(anonymous_4)
FNDA:5,(anonymous_5)
DA:1,4
DA:2,4
DA:5,4
DA:6,4
DA:7,4
DA:10,4
DA:12,5
DA:16,5
DA:19,5
DA:20,5
DA:21,2
DA:24,3
DA:25,3
DA:26,1
DA:30,2
DA:31,2
DA:33,2
DA:35,2
LF:18
LH:18
BRDA:20,0,0,2
BRDA:25,1,0,1
BRF:2
BRH:2
end_of_record
TN:
SF:src/application/use-cases/user/DeleteUserUseCase.ts
FN:8,(anonymous_4)
FN:12,(anonymous_5)
FNF:2
FNH:2
FNDA:3,(anonymous_4)
FNDA:2,(anonymous_5)
DA:1,4
DA:2,4
DA:4,4
DA:7,4
DA:9,3
DA:13,2
DA:14,2
LF:7
LH:7
BRF:0
BRH:0
end_of_record
TN:
SF:src/application/use-cases/user/GetUserUseCase.ts
FN:10,(anonymous_4)
FN:14,(anonymous_5)
FN:25,(anonymous_6)
FN:35,(anonymous_7)
FN:45,(anonymous_8)
FN:47,(anonymous_9)
FNF:6
FNH:5
FNDA:7,(anonymous_4)
FNDA:6,(anonymous_5)
FNDA:2,(anonymous_6)
FNDA:0,(anonymous_7)
FNDA:1,(anonymous_8)
FNDA:2,(anonymous_9)
DA:1,4
DA:2,4
DA:5,4
DA:6,4
DA:9,4
DA:11,7
DA:15,6
DA:16,6
DA:18,6
DA:19,3
DA:22,3
DA:26,2
DA:28,2
DA:29,1
DA:32,1
DA:36,0
DA:38,0
DA:39,0
DA:42,0
DA:46,1
DA:47,2
LF:21
LH:17
BRDA:18,0,0,3
BRDA:28,1,0,1
BRDA:38,2,0,0
BRF:3
BRH:2
end_of_record
TN:
SF:src/application/use-cases/user/UpdateUserUseCase.ts
FN:10,(anonymous_4)
FN:14,(anonymous_5)
FNF:2
FNH:2
FNDA:4,(anonymous_4)
FNDA:4,(anonymous_5)
DA:1,4
DA:2,4
DA:5,4
DA:6,4
DA:9,4
DA:11,4
DA:15,4
DA:16,4
DA:18,4
DA:19,2
DA:23,2
DA:24,2
DA:27,2
DA:28,2
DA:31,2
DA:32,0
DA:35,2
DA:37,2
LF:18
LH:17
BRDA:18,0,0,2
BRDA:23,1,0,2
BRDA:27,2,0,2
BRDA:31,3,0,0
BRF:4
BRH:3
end_of_record
TN:
SF:src/domain/entities/Blog.ts
FN:6,(anonymous_0)
FN:10,(anonymous_1)
FN:14,(anonymous_2)
FN:28,(anonymous_3)
FN:46,(anonymous_4)
FN:50,(anonymous_5)
FN:54,(anonymous_6)
FN:58,(anonymous_7)
FN:62,(anonymous_8)
FN:66,(anonymous_9)
FN:70,(anonymous_10)
FN:74,(anonymous_11)
FN:79,(anonymous_12)
FN:84,(anonymous_13)
FN:88,(anonymous_14)
FNF:15
FNH:12
FNDA:30,(anonymous_0)
FNDA:43,(anonymous_1)
FNDA:0,(anonymous_2)
FNDA:16,(anonymous_3)
FNDA:27,(anonymous_4)
FNDA:17,(anonymous_5)
FNDA:17,(anonymous_6)
FNDA:19,(anonymous_7)
FNDA:13,(anonymous_8)
FNDA:13,(anonymous_9)
FNDA:15,(anonymous_10)
FNDA:3,(anonymous_11)
FNDA:2,(anonymous_12)
FNDA:0,(anonymous_13)
FNDA:0,(anonymous_14)
DA:3,6
DA:7,30
DA:11,43
DA:15,0
DA:19,6
DA:37,16
DA:38,16
DA:39,16
DA:40,16
DA:41,16
DA:42,16
DA:43,16
DA:47,27
DA:51,17
DA:55,17
DA:59,19
DA:63,13
DA:67,13
DA:71,15
DA:75,3
DA:76,3
DA:80,2
DA:81,2
DA:85,0
DA:89,0
DA:90,0
LF:26
LH:22
BRDA:33,0,0,11
BRDA:34,1,0,11
BRDA:35,2,0,11
BRDA:89,3,0,0
BRF:4
BRH:3
end_of_record
TN:
SF:src/domain/entities/Comment.ts
FN:7,(anonymous_0)
FN:11,(anonymous_1)
FN:15,(anonymous_2)
FN:28,(anonymous_3)
FN:44,(anonymous_4)
FN:48,(anonymous_5)
FN:52,(anonymous_6)
FN:56,(anonymous_7)
FN:60,(anonymous_8)
FN:64,(anonymous_9)
FN:68,(anonymous_10)
FNF:11
FNH:0
FNDA:0,(anonymous_0)
FNDA:0,(anonymous_1)
FNDA:0,(anonymous_2)
FNDA:0,(anonymous_3)
FNDA:0,(anonymous_4)
FNDA:0,(anonymous_5)
FNDA:0,(anonymous_6)
FNDA:0,(anonymous_7)
FNDA:0,(anonymous_8)
FNDA:0,(anonymous_9)
FNDA:0,(anonymous_10)
DA:4,2
DA:8,0
DA:12,0
DA:16,0
DA:20,2
DA:36,0
DA:37,0
DA:38,0
DA:39,0
DA:40,0
DA:41,0
DA:45,0
DA:49,0
DA:53,0
DA:57,0
DA:61,0
DA:65,0
DA:69,0
DA:70,0
LF:19
LH:2
BRDA:33,0,0,0
BRDA:34,1,0,0
BRF:2
BRH:0
end_of_record
TN:
SF:src/domain/entities/Like.ts
FN:7,(anonymous_0)
FN:11,(anonymous_1)
FN:15,(anonymous_2)
FN:26,(anonymous_3)
FN:38,(anonymous_4)
FN:42,(anonymous_5)
FN:46,(anonymous_6)
FN:50,(anonymous_7)
FNF:8
FNH:0
FNDA:0,(anonymous_0)
FNDA:0,(anonymous_1)
FNDA:0,(anonymous_2)
FNDA:0,(anonymous_3)
FNDA:0,(anonymous_4)
FNDA:0,(anonymous_5)
FNDA:0,(anonymous_6)
FNDA:0,(anonymous_7)
DA:4,2
DA:8,0
DA:12,0
DA:16,0
DA:20,2
DA:32,0
DA:33,0
DA:34,0
DA:35,0
DA:39,0
DA:43,0
DA:47,0
DA:51,0
LF:13
LH:2
BRDA:30,0,0,0
BRF:1
BRH:0
end_of_record
TN:
SF:src/domain/entities/User.ts
FN:4,(anonymous_0)
FN:8,(anonymous_1)
FN:12,(anonymous_2)
FN:23,(anonymous_3)
FN:30,(anonymous_4)
FN:34,(anonymous_5)
FN:38,(anonymous_6)
FN:42,(anonymous_7)
FN:46,(anonymous_8)
FN:50,(anonymous_9)
FN:54,(anonymous_10)
FNF:11
FNH:9
FNDA:57,(anonymous_0)
FNDA:71,(anonymous_1)
FNDA:0,(anonymous_2)
FNDA:23,(anonymous_3)
FNDA:30,(anonymous_4)
FNDA:24,(anonymous_5)
FNDA:29,(anonymous_6)
FNDA:8,(anonymous_7)
FNDA:3,(anonymous_8)
FNDA:3,(anonymous_9)
FNDA:0,(anonymous_10)
DA:1,12
DA:5,57
DA:9,71
DA:13,0
DA:17,12
DA:24,23
DA:25,23
DA:26,23
DA:27,23
DA:31,30
DA:35,24
DA:39,29
DA:43,8
DA:47,3
DA:51,3
DA:55,0
LF:16
LH:14
BRF:0
BRH:0
end_of_record
TN:
SF:src/infrastructure/controllers/BlogController.ts
FN:12,(anonymous_4)
FN:39,(anonymous_5)
FN:72,(anonymous_6)
FN:98,(anonymous_7)
FN:130,(anonymous_8)
FN:169,(anonymous_9)
FN:199,(anonymous_10)
FNF:7
FNH:6
FNDA:2,(anonymous_4)
FNDA:2,(anonymous_5)
FNDA:2,(anonymous_6)
FNDA:0,(anonymous_7)
FNDA:2,(anonymous_8)
FNDA:2,(anonymous_9)
FNDA:2,(anonymous_10)
DA:2,2
DA:4,2
DA:5,2
DA:6,2
DA:7,2
DA:8,2
DA:11,2
DA:13,2
DA:14,2
DA:15,2
DA:16,2
DA:40,2
DA:41,2
DA:42,2
DA:43,1
DA:45,1
DA:73,2
DA:74,2
DA:75,2
DA:76,1
DA:78,1
DA:99,0
DA:100,0
DA:101,0
DA:103,0
DA:131,2
DA:132,2
DA:133,2
DA:134,2
DA:136,0
DA:170,2
DA:171,2
DA:172,2
DA:173,2
DA:174,1
DA:176,1
DA:200,2
DA:201,2
DA:202,2
DA:203,1
DA:205,1
LF:41
LH:36
BRF:0
BRH:0
end_of_record
TN:
SF:src/infrastructure/controllers/UserController.ts
FN:12,(anonymous_4)
FN:39,(anonymous_5)
FN:72,(anonymous_6)
FN:98,(anonymous_7)
FN:136,(anonymous_8)
FN:166,(anonymous_9)
FNF:6
FNH:6
FNDA:11,(anonymous_4)
FNDA:4,(anonymous_5)
FNDA:4,(anonymous_6)
FNDA:1,(anonymous_7)
FNDA:4,(anonymous_8)
FNDA:4,(anonymous_9)
DA:2,3
DA:4,3
DA:5,3
DA:6,3
DA:7,3
DA:8,3
DA:11,3
DA:13,11
DA:14,11
DA:15,11
DA:16,11
DA:40,4
DA:41,4
DA:42,4
DA:43,2
DA:45,2
DA:73,4
DA:74,4
DA:75,4
DA:76,2
DA:78,2
DA:99,1
DA:100,1
DA:101,1
DA:103,0
DA:137,4
DA:138,4
DA:139,4
DA:140,4
DA:141,2
DA:143,2
DA:167,4
DA:168,4
DA:171,4
DA:172,4
DA:174,2
DA:175,2
DA:178,2
DA:179,2
DA:181,0
LF:40
LH:38
BRF:0
BRH:0
end_of_record
TN:
SF:src/infrastructure/models/BlogModel.ts
FNF:0
FNH:0
DA:1,2
DA:2,2
DA:3,2
DA:15,2
DA:51,2
DA:56,2
LF:6
LH:6
BRF:0
BRH:0
end_of_record
TN:
SF:src/infrastructure/models/CommentModel.ts
FNF:0
FNH:0
DA:1,2
DA:2,2
DA:3,2
DA:4,2
DA:15,2
DA:51,2
DA:56,2
DA:61,2
LF:8
LH:8
BRF:0
BRH:0
end_of_record
TN:
SF:src/infrastructure/models/LikeModel.ts
FNF:0
FNH:0
DA:1,2
DA:2,2
DA:3,2
DA:4,2
DA:14,2
DA:52,2
DA:57,2
DA:62,2
LF:8
LH:8
BRF:0
BRH:0
end_of_record
TN:
SF:src/infrastructure/models/UserModel.ts
FNF:0
FNH:0
DA:1,3
DA:2,3
DA:13,3
DA:45,3
LF:4
LH:4
BRF:0
BRH:0
end_of_record
TN:
SF:src/infrastructure/repositories/SequelizeBlogRepository.ts
FN:10,(anonymous_2)
FN:20,(anonymous_3)
FN:25,(anonymous_4)
FN:28,(anonymous_5)
FN:33,(anonymous_6)
FN:36,(anonymous_7)
FN:39,(anonymous_8)
FN:42,(anonymous_9)
FN:52,(anonymous_10)
FN:56,(anonymous_11)
FNF:10
FNH:6
FNDA:6,(anonymous_2)
FNDA:2,(anonymous_3)
FNDA:2,(anonymous_4)
FNDA:0,(anonymous_5)
FNDA:0,(anonymous_6)
FNDA:0,(anonymous_7)
FNDA:0,(anonymous_8)
FNDA:2,(anonymous_9)
FNDA:1,(anonymous_10)
FNDA:5,(anonymous_11)
DA:1,2
DA:2,2
DA:3,2
DA:5,2
DA:6,2
DA:9,2
DA:11,6
DA:13,6
DA:14,3
DA:17,3
DA:21,2
DA:25,2
DA:29,0
DA:33,0
DA:37,0
DA:39,0
DA:43,2
DA:53,1
DA:57,5
LF:19
LH:15
BRDA:13,0,0,3
BRF:1
BRH:1
end_of_record
TN:
SF:src/infrastructure/repositories/SequelizeCommentRepository.ts
FN:11,(anonymous_2)
FN:21,(anonymous_3)
FN:26,(anonymous_4)
FN:29,(anonymous_5)
FN:34,(anonymous_6)
FN:37,(anonymous_7)
FN:40,(anonymous_8)
FN:43,(anonymous_9)
FN:52,(anonymous_10)
FN:56,(anonymous_11)
FNF:10
FNH:0
FNDA:0,(anonymous_2)
FNDA:0,(anonymous_3)
FNDA:0,(anonymous_4)
FNDA:0,(anonymous_5)
FNDA:0,(anonymous_6)
FNDA:0,(anonymous_7)
FNDA:0,(anonymous_8)
FNDA:0,(anonymous_9)
FNDA:0,(anonymous_10)
FNDA:0,(anonymous_11)
DA:1,2
DA:2,2
DA:3,2
DA:4,2
DA:6,2
DA:7,2
DA:10,2
DA:12,0
DA:14,0
DA:15,0
DA:18,0
DA:22,0
DA:26,0
DA:30,0
DA:34,0
DA:38,0
DA:40,0
DA:44,0
DA:53,0
DA:57,0
LF:20
LH:7
BRDA:14,0,0,0
BRF:1
BRH:0
end_of_record
TN:
SF:src/infrastructure/repositories/SequelizeLikeRepository.ts
FN:11,(anonymous_2)
FN:21,(anonymous_3)
FN:26,(anonymous_4)
FN:29,(anonymous_5)
FN:34,(anonymous_6)
FN:37,(anonymous_7)
FN:52,(anonymous_8)
FN:60,(anonymous_9)
FN:64,(anonymous_10)
FNF:9
FNH:0
FNDA:0,(anonymous_2)
FNDA:0,(anonymous_3)
FNDA:0,(anonymous_4)
FNDA:0,(anonymous_5)
FNDA:0,(anonymous_6)
FNDA:0,(anonymous_7)
FNDA:0,(anonymous_8)
FNDA:0,(anonymous_9)
FNDA:0,(anonymous_10)
DA:1,2
DA:2,2
DA:3,2
DA:4,2
DA:6,2
DA:7,2
DA:10,2
DA:12,0
DA:14,0
DA:15,0
DA:18,0
DA:22,0
DA:26,0
DA:30,0
DA:34,0
DA:38,0
DA:45,0
DA:46,0
DA:49,0
DA:53,0
DA:61,0
DA:65,0
LF:22
LH:7
BRDA:14,0,0,0
BRDA:45,1,0,0
BRF:2
BRH:0
end_of_record
TN:
SF:src/infrastructure/repositories/SequelizeUserRepository.ts
FN:9,(anonymous_2)
FN:19,(anonymous_3)
FN:29,(anonymous_4)
FN:39,(anonymous_5)
FN:42,(anonymous_6)
FN:45,(anonymous_7)
FN:54,(anonymous_8)
FN:58,(anonymous_9)
FNF:8
FNH:6
FNDA:10,(anonymous_2)
FNDA:4,(anonymous_3)
FNDA:1,(anonymous_4)
FNDA:0,(anonymous_5)
FNDA:0,(anonymous_6)
FNDA:8,(anonymous_7)
FNDA:2,(anonymous_8)
FNDA:7,(anonymous_9)
DA:1,3
DA:2,3
DA:4,3
DA:5,3
DA:8,3
DA:10,10
DA:12,10
DA:13,5
DA:16,5
DA:20,4
DA:22,4
DA:23,2
DA:26,2
DA:30,1
DA:32,1
DA:33,1
DA:36,0
DA:40,0
DA:42,0
DA:46,8
DA:55,2
DA:59,7
LF:22
LH:19
BRDA:12,0,0,5
BRDA:22,1,0,2
BRDA:32,2,0,1
BRF:3
BRH:3
end_of_record
